Determining if the pthread_create exist failed with the following output:
Change Dir: /home/canix/kuka_control_p3_columbiaX/build/CMakeFiles/CMakeTmp

Run Build Command:"/usr/bin/make" "cmTC_6363f/fast"
/usr/bin/make -f CMakeFiles/cmTC_6363f.dir/build.make CMakeFiles/cmTC_6363f.dir/build
make[1]: se entra en el directorio '/home/canix/kuka_control_p3_columbiaX/build/CMakeFiles/CMakeTmp'
Building C object CMakeFiles/cmTC_6363f.dir/CheckSymbolExists.c.o
/usr/bin/cc     -o CMakeFiles/cmTC_6363f.dir/CheckSymbolExists.c.o   -c /home/canix/kuka_control_p3_columbiaX/build/CMakeFiles/CMakeTmp/CheckSymbolExists.c
Linking C executable cmTC_6363f
/usr/bin/cmake -E cmake_link_script CMakeFiles/cmTC_6363f.dir/link.txt --verbose=1
/usr/bin/cc       CMakeFiles/cmTC_6363f.dir/CheckSymbolExists.c.o  -o cmTC_6363f -rdynamic 
CMakeFiles/cmTC_6363f.dir/CheckSymbolExists.c.o: En la función `main':
CheckSymbolExists.c:(.text+0x16): referencia a `pthread_create' sin definir
collect2: error: ld returned 1 exit status
CMakeFiles/cmTC_6363f.dir/build.make:97: fallo en las instrucciones para el objetivo 'cmTC_6363f'
make[1]: *** [cmTC_6363f] Error 1
make[1]: se sale del directorio '/home/canix/kuka_control_p3_columbiaX/build/CMakeFiles/CMakeTmp'
Makefile:126: fallo en las instrucciones para el objetivo 'cmTC_6363f/fast'
make: *** [cmTC_6363f/fast] Error 2

File /home/canix/kuka_control_p3_columbiaX/build/CMakeFiles/CMakeTmp/CheckSymbolExists.c:
/* */
#include <pthread.h>

int main(int argc, char** argv)
{
  (void)argv;
#ifndef pthread_create
  return ((int*)(&pthread_create))[argc];
#else
  (void)argc;
  return 0;
#endif
}

Determining if the function pthread_create exists in the pthreads failed with the following output:
Change Dir: /home/canix/kuka_control_p3_columbiaX/build/CMakeFiles/CMakeTmp

Run Build Command:"/usr/bin/make" "cmTC_dfb4b/fast"
/usr/bin/make -f CMakeFiles/cmTC_dfb4b.dir/build.make CMakeFiles/cmTC_dfb4b.dir/build
make[1]: se entra en el directorio '/home/canix/kuka_control_p3_columbiaX/build/CMakeFiles/CMakeTmp'
Building C object CMakeFiles/cmTC_dfb4b.dir/CheckFunctionExists.c.o
/usr/bin/cc    -DCHECK_FUNCTION_EXISTS=pthread_create   -o CMakeFiles/cmTC_dfb4b.dir/CheckFunctionExists.c.o   -c /usr/share/cmake-3.5/Modules/CheckFunctionExists.c
Linking C executable cmTC_dfb4b
/usr/bin/cmake -E cmake_link_script CMakeFiles/cmTC_dfb4b.dir/link.txt --verbose=1
/usr/bin/cc   -DCHECK_FUNCTION_EXISTS=pthread_create    CMakeFiles/cmTC_dfb4b.dir/CheckFunctionExists.c.o  -o cmTC_dfb4b -rdynamic -lpthreads 
/usr/bin/ld: no se puede encontrar -lpthreads
collect2: error: ld returned 1 exit status
CMakeFiles/cmTC_dfb4b.dir/build.make:97: fallo en las instrucciones para el objetivo 'cmTC_dfb4b'
make[1]: *** [cmTC_dfb4b] Error 1
make[1]: se sale del directorio '/home/canix/kuka_control_p3_columbiaX/build/CMakeFiles/CMakeTmp'
Makefile:126: fallo en las instrucciones para el objetivo 'cmTC_dfb4b/fast'
make: *** [cmTC_dfb4b/fast] Error 2


